<?xml version="1.0" encoding="UTF-8"?>
<testng-results skipped="0" failed="0" total="1" passed="1">
  <reporter-output>
  </reporter-output>
  <suite name="Suite" duration-ms="66822" started-at="2018-07-24T07:46:48Z" finished-at="2018-07-24T07:47:55Z">
    <groups>
    </groups>
    <test name="Test" duration-ms="66822" started-at="2018-07-24T07:46:48Z" finished-at="2018-07-24T07:47:55Z">
      <class name="com.qa.hfmt.testcases.LoginPageTest">
        <test-method status="PASS" signature="setup()[pri:0, instance:com.qa.hfmt.testcases.LoginPageTest@475530b9]" name="setup" is-config="true" duration-ms="28238" started-at="2018-07-24T13:16:48Z" finished-at="2018-07-24T13:17:16Z">
          <reporter-output>
          </reporter-output>
        </test-method> <!-- setup -->
        <test-method status="PASS" signature="userlogin()[pri:0, instance:com.qa.hfmt.testcases.LoginPageTest@475530b9]" name="userlogin" duration-ms="36414" started-at="2018-07-24T13:17:16Z" finished-at="2018-07-24T13:17:52Z">
          <reporter-output>
          </reporter-output>
        </test-method> <!-- userlogin -->
        <test-method status="PASS" signature="closePage()[pri:0, instance:com.qa.hfmt.testcases.LoginPageTest@475530b9]" name="closePage" is-config="true" duration-ms="2148" started-at="2018-07-24T13:17:52Z" finished-at="2018-07-24T13:17:55Z">
          <reporter-output>
          </reporter-output>
        </test-method> <!-- closePage -->
      </class> <!-- com.qa.hfmt.testcases.LoginPageTest -->
    </test> <!-- Test -->
  </suite> <!-- Suite -->
</testng-results>
